<?xml version="1.0" encoding="UTF-8"?>
<!-- Generated by org.testng.reporters.JUnitReportReporter -->
<testsuite hostname="sindhujas-MacBook-Pro.local" name="com.testing.XeroAutomation.TestScriptsXero" tests="21" failures="0" timestamp="15 Apr 2018 21:20:48 GMT" time="33.508" errors="0">
  <testcase name="NavigatetoXero_ID01A" time="0.002" classname="com.testing.XeroAutomation.TestScriptsXero"/>
  <testcase name="NavigatetoXero_ID01A" time="0.002" classname="com.testing.XeroAutomation.TestScriptsXero"/>
  <testcase name="NavigatetoXero_ID01A" time="0.000" classname="com.testing.XeroAutomation.TestScriptsXero"/>
  <testcase name="NavigatetoXero_ID01A" time="0.001" classname="com.testing.XeroAutomation.TestScriptsXero"/>
  <testcase name="NavigatetoXero_ID01A" time="0.001" classname="com.testing.XeroAutomation.TestScriptsXero"/>
  <testcase name="NavigatetoXero_ID01A" time="0.001" classname="com.testing.XeroAutomation.TestScriptsXero"/>
  <testcase name="NavigatetoXero_ID01A" time="0.001" classname="com.testing.XeroAutomation.TestScriptsXero"/>
  <testcase name="NavigatetoXero_ID01A" time="0.001" classname="com.testing.XeroAutomation.TestScriptsXero"/>
  <testcase name="NavigatetoXero_ID01A" time="0.001" classname="com.testing.XeroAutomation.TestScriptsXero"/>
  <testcase name="NavigatetoXero_ID01A" time="17.591" classname="com.testing.XeroAutomation.TestScriptsXero"/>
  <testcase name="NavigatetoXero_ID01A" time="15.890" classname="com.testing.XeroAutomation.TestScriptsXero"/>
  <testcase name="NavigatetoXero_ID01A" time="0.001" classname="com.testing.XeroAutomation.TestScriptsXero"/>
  <testcase name="NavigatetoXero_ID01A" time="0.001" classname="com.testing.XeroAutomation.TestScriptsXero"/>
  <testcase name="NavigatetoXero_ID01A" time="0.001" classname="com.testing.XeroAutomation.TestScriptsXero"/>
  <testcase name="NavigatetoXero_ID01A" time="0.001" classname="com.testing.XeroAutomation.TestScriptsXero"/>
  <testcase name="NavigatetoXero_ID01A" time="0.001" classname="com.testing.XeroAutomation.TestScriptsXero"/>
  <testcase name="NavigatetoXero_ID01A" time="0.001" classname="com.testing.XeroAutomation.TestScriptsXero"/>
  <testcase name="NavigatetoXero_ID01A" time="0.001" classname="com.testing.XeroAutomation.TestScriptsXero"/>
  <testcase name="NavigatetoXero_ID01A" time="0.007" classname="com.testing.XeroAutomation.TestScriptsXero"/>
  <testcase name="NavigatetoXero_ID01A" time="0.001" classname="com.testing.XeroAutomation.TestScriptsXero"/>
  <testcase name="NavigatetoXero_ID01A" time="0.002" classname="com.testing.XeroAutomation.TestScriptsXero"/>
</testsuite> <!-- com.testing.XeroAutomation.TestScriptsXero -->
